[debug] [2022-09-08T16:08:49.718Z] ----------------------------------------------------------------------
[debug] [2022-09-08T16:08:49.723Z] Command:       C:\Program Files\nodejs\node.exe C:\Users\Yoga\AppData\Roaming\npm\node_modules\firebase-tools\lib\bin\firebase.js init
[debug] [2022-09-08T16:08:49.725Z] CLI Version:   11.8.0
[debug] [2022-09-08T16:08:49.725Z] Platform:      win32
[debug] [2022-09-08T16:08:49.725Z] Node Version:  v16.15.1
[debug] [2022-09-08T16:08:49.735Z] Time:          Thu Sep 08 2022 19:08:49 GMT+0300 (שעון ישראל (קיץ))
[debug] [2022-09-08T16:08:49.736Z] ----------------------------------------------------------------------
[debug] 
[debug] [2022-09-08T16:08:50.070Z] > command requires scopes: ["email","openid","https://www.googleapis.com/auth/cloudplatformprojects.readonly","https://www.googleapis.com/auth/firebase","https://www.googleapis.com/auth/cloud-platform"]
[debug] [2022-09-08T16:08:50.072Z] > authorizing via signed-in user (s0583268969@gmail.com)
[info] 
     ######## #### ########  ######## ########     ###     ######  ########
     ##        ##  ##     ## ##       ##     ##  ##   ##  ##       ##
     ######    ##  ########  ######   ########  #########  ######  ######
     ##        ##  ##    ##  ##       ##     ## ##     ##       ## ##
     ##       #### ##     ## ######## ########  ##     ##  ######  ########

You're about to initialize a Firebase project in this directory:

  E:\KamaTech\final-project\waze-client

Before we get started, keep in mind:

  * You are initializing within an existing Firebase project directory

